[12:10:13] [ServerMain/INFO]: Environment: authHost='https://authserver.mojang.com', accountsHost='https://api.mojang.com', sessionHost='https://sessionserver.mojang.com', servicesHost='https://api.minecraftservices.com', name='PROD'
[12:10:13] [ServerMain/INFO]: Found new data pack file/bukkit, loading it automatically
[12:10:15] [Worker-Main-1/INFO]: Loaded 7 recipes
[12:10:18] [Server thread/INFO]: Starting minecraft server version 1.18.2
[12:10:18] [Server thread/INFO]: Loading properties
[12:10:18] [Server thread/INFO]: This server is running Paper version git-Paper-317 (MC: 1.18.2) (Implementing API version 1.18.2-R0.1-SNAPSHOT) (Git: e5da93a)
[12:10:18] [Server thread/INFO]: Server Ping Player Sample Count: 12
[12:10:18] [Server thread/INFO]: Using 4 threads for Netty based IO
[12:10:18] [Server thread/INFO]: Default game type: SURVIVAL
[12:10:18] [Server thread/INFO]: Generating keypair
[12:10:18] [Server thread/INFO]: Starting Minecraft server on 0.0.0.0:25598
[12:10:18] [Server thread/INFO]: Using epoll channel type
[12:10:18] [Server thread/INFO]: Paper: Using libdeflate (Linux x86_64) compression from Velocity.
[12:10:18] [Server thread/INFO]: Paper: Using OpenSSL 1.1.x (Linux x86_64) cipher from Velocity.
[12:10:19] [Server thread/INFO]: Preparing level "world"
[12:10:34] [Server thread/INFO]: Preparing start region for dimension minecraft:overworld
[12:10:35] [Server thread/INFO]: Time elapsed: 916 ms
[12:10:35] [Server thread/INFO]: Preparing start region for dimension minecraft:the_end
[12:10:37] [Server thread/INFO]: Time elapsed: 1093 ms
[12:10:37] [Server thread/INFO]: Preparing start region for dimension minecraft:the_nether
[12:10:37] [Server thread/INFO]: Time elapsed: 683 ms
[12:10:37] [Server thread/INFO]: Running delayed init tasks
[12:10:37] [Server thread/INFO]: Done (19.601s)! For help, type "help"
[12:10:37] [Server thread/INFO]: Timings Reset
